# JRE version: OpenJDK Runtime Environment Temurin-21.0.10+7 (21.0.10+7) (build 21.0.10+7-LTS)
# Java VM: OpenJDK 64-Bit Server VM Temurin-21.0.10+7 (21.0.10+7-LTS, mixed mode, sharing, tiered, compressed oops, compressed class ptrs, parallel gc, windows-amd64)
GC Precious Log:
 CardTable entry size: 512
 CPUs: 8 total, 8 available
 Memory: 16271M
 Large Page Support: Disabled
 NUMA Support: Disabled
 Compressed Oops: Enabled (32-bit)
 Alignments: Space 512K, Generation 512K, Heap 2M
 Heap Min Capacity: 100M
 Heap Initial Capacity: 100M
 Heap Max Capacity: 2G
 Pre-touch: Disabled
 Parallel Workers: 8
Heap:
 PSYoungGen      total 3072K, used 624K [0x00000000d5580000, 0x00000000d5b80000, 0x0000000100000000)
  eden space 2560K, 6% used [0x00000000d5580000,0x00000000d55ac098,0x00000000d5800000)
  from space 512K, 87% used [0x00000000d5a80000,0x00000000d5af0000,0x00000000d5b00000)
  to   space 512K, 0% used [0x00000000d5b00000,0x00000000d5b00000,0x00000000d5b80000)
 ParOldGen       total 151040K, used 150792K [0x0000000080000000, 0x0000000089380000, 0x00000000d5580000)
  object space 151040K, 99% used [0x0000000080000000,0x00000000893422d8,0x0000000089380000)
 Metaspace       used 77131K, committed 78720K, reserved 1179648K
  class space    used 8283K, committed 8896K, reserved 1048576K
GC Heap History (20 events):
Event: 36121.288 GC heap before
{Heap before GC invocations=169 (full 3):
 PSYoungGen      total 3584K, used 3220K [0x00000000d5580000, 0x00000000d5d00000, 0x0000000100000000)
  eden space 2560K, 85% used [0x00000000d5580000,0x00000000d57a6078,0x00000000d5800000)
  from space 1024K, 99% used [0x00000000d5900000,0x00000000d59fefa8,0x00000000d5a00000)
  to   space 2560K, 0% used [0x00000000d5a80000,0x00000000d5a80000,0x00000000d5d00000)
 ParOldGen       total 137728K, used 137616K [0x0000000080000000, 0x0000000088680000, 0x00000000d5580000)
  object space 137728K, 99% used [0x0000000080000000,0x00000000886643e8,0x0000000088680000)
 Metaspace       used 75236K, committed 76736K, reserved 1179648K
  class space    used 8033K, committed 8640K, reserved 1048576K
}
Event: 36121.290 GC heap after
{Heap after GC invocations=169 (full 3):
 PSYoungGen      total 3072K, used 352K [0x00000000d5580000, 0x00000000d5b00000, 0x0000000100000000)
  eden space 2560K, 0% used [0x00000000d5580000,0x00000000d5580000,0x00000000d5800000)
  from space 512K, 68% used [0x00000000d5a80000,0x00000000d5ad8000,0x00000000d5b00000)
  to   space 1536K, 0% used [0x00000000d5800000,0x00000000d5800000,0x00000000d5980000)
 ParOldGen       total 141824K, used 140928K [0x0000000080000000, 0x0000000088a80000, 0x00000000d5580000)
  object space 141824K, 99% used [0x0000000080000000,0x00000000889a0288,0x0000000088a80000)
 Metaspace       used 75236K, committed 76736K, reserved 1179648K
  class space    used 8033K, committed 8640K, reserved 1048576K
}
Event: 36121.307 GC heap before
{Heap before GC invocations=170 (full 3):
 PSYoungGen      total 3072K, used 2912K [0x00000000d5580000, 0x00000000d5b00000, 0x0000000100000000)
  eden space 2560K, 100% used [0x00000000d5580000,0x00000000d5800000,0x00000000d5800000)
  from space 512K, 68% used [0x00000000d5a80000,0x00000000d5ad8000,0x00000000d5b00000)
  to   space 1536K, 0% used [0x00000000d5800000,0x00000000d5800000,0x00000000d5980000)
 ParOldGen       total 141824K, used 140928K [0x0000000080000000, 0x0000000088a80000, 0x00000000d5580000)
  object space 141824K, 99% used [0x0000000080000000,0x00000000889a0288,0x0000000088a80000)
 Metaspace       used 75239K, committed 76736K, reserved 1179648K
  class space    used 8033K, committed 8640K, reserved 1048576K
}
Event: 36121.310 GC heap after
{Heap after GC invocations=170 (full 3):
 PSYoungGen      total 4096K, used 579K [0x00000000d5580000, 0x00000000d5b00000, 0x0000000100000000)
  eden space 2560K, 0% used [0x00000000d5580000,0x00000000d5580000,0x00000000d5800000)
  from space 1536K, 37% used [0x00000000d5800000,0x00000000d5890e38,0x00000000d5980000)
  to   space 1024K, 0% used [0x00000000d5a00000,0x00000000d5a00000,0x00000000d5b00000)
 ParOldGen       total 141824K, used 141168K [0x0000000080000000, 0x0000000088a80000, 0x00000000d5580000)
  object space 141824K, 99% used [0x0000000080000000,0x00000000889dc2a8,0x0000000088a80000)
 Metaspace       used 75239K, committed 76736K, reserved 1179648K
  class space    used 8033K, committed 8640K, reserved 1048576K
}
Event: 36121.317 GC heap before
{Heap before GC invocations=171 (full 3):
 PSYoungGen      total 4096K, used 2942K [0x00000000d5580000, 0x00000000d5b00000, 0x0000000100000000)
  eden space 2560K, 92% used [0x00000000d5580000,0x00000000d57cecc0,0x00000000d5800000)
  from space 1536K, 37% used [0x00000000d5800000,0x00000000d5890e38,0x00000000d5980000)
  to   space 1024K, 0% used [0x00000000d5a00000,0x00000000d5a00000,0x00000000d5b00000)
 ParOldGen       total 141824K, used 141168K [0x0000000080000000, 0x0000000088a80000, 0x00000000d5580000)
  object space 141824K, 99% used [0x0000000080000000,0x00000000889dc2a8,0x0000000088a80000)
 Metaspace       used 75239K, committed 76736K, reserved 1179648K
  class space    used 8033K, committed 8640K, reserved 1048576K
}
Event: 36121.319 GC heap after
{Heap after GC invocations=171 (full 3):
 PSYoungGen      total 3584K, used 690K [0x00000000d5580000, 0x00000000d5b00000, 0x0000000100000000)
  eden space 2560K, 0% used [0x00000000d5580000,0x00000000d5580000,0x00000000d5800000)
  from space 1024K, 67% used [0x00000000d5a00000,0x00000000d5aaca98,0x00000000d5b00000)
  to   space 1024K, 0% used [0x00000000d5900000,0x00000000d5900000,0x00000000d5a00000)
 ParOldGen       total 143360K, used 142741K [0x0000000080000000, 0x0000000088c00000, 0x00000000d5580000)
  object space 143360K, 99% used [0x0000000080000000,0x0000000088b65508,0x0000000088c00000)
 Metaspace       used 75239K, committed 76736K, reserved 1179648K
  class space    used 8033K, committed 8640K, reserved 1048576K
}
Event: 36121.393 GC heap before
{Heap before GC invocations=172 (full 3):
 PSYoungGen      total 3584K, used 3250K [0x00000000d5580000, 0x00000000d5b00000, 0x0000000100000000)
  eden space 2560K, 100% used [0x00000000d5580000,0x00000000d5800000,0x00000000d5800000)
  from space 1024K, 67% used [0x00000000d5a00000,0x00000000d5aaca98,0x00000000d5b00000)
  to   space 1024K, 0% used [0x00000000d5900000,0x00000000d5900000,0x00000000d5a00000)
 ParOldGen       total 143360K, used 142741K [0x0000000080000000, 0x0000000088c00000, 0x00000000d5580000)
  object space 143360K, 99% used [0x0000000080000000,0x0000000088b65508,0x0000000088c00000)
 Metaspace       used 75257K, committed 76864K, reserved 1179648K
  class space    used 8034K, committed 8704K, reserved 1048576K
}
Event: 36121.396 GC heap after
{Heap after GC invocations=172 (full 3):
 PSYoungGen      total 3584K, used 1020K [0x00000000d5580000, 0x00000000d5e00000, 0x0000000100000000)
  eden space 2560K, 0% used [0x00000000d5580000,0x00000000d5580000,0x00000000d5800000)
  from space 1024K, 99% used [0x00000000d5900000,0x00000000d59ff3c8,0x00000000d5a00000)
  to   space 3072K, 0% used [0x00000000d5b00000,0x00000000d5b00000,0x00000000d5e00000)
 ParOldGen       total 144384K, used 144227K [0x0000000080000000, 0x0000000088d00000, 0x00000000d5580000)
  object space 144384K, 99% used [0x0000000080000000,0x0000000088cd8ff0,0x0000000088d00000)
 Metaspace       used 75257K, committed 76864K, reserved 1179648K
  class space    used 8034K, committed 8704K, reserved 1048576K
}
Event: 36121.413 GC heap before
{Heap before GC invocations=173 (full 3):
 PSYoungGen      total 3584K, used 3580K [0x00000000d5580000, 0x00000000d5e00000, 0x0000000100000000)
  eden space 2560K, 99% used [0x00000000d5580000,0x00000000d57ffff0,0x00000000d5800000)
  from space 1024K, 99% used [0x00000000d5900000,0x00000000d59ff3c8,0x00000000d5a00000)
  to   space 3072K, 0% used [0x00000000d5b00000,0x00000000d5b00000,0x00000000d5e00000)
 ParOldGen       total 144384K, used 144227K [0x0000000080000000, 0x0000000088d00000, 0x00000000d5580000)
  object space 144384K, 99% used [0x0000000080000000,0x0000000088cd8ff0,0x0000000088d00000)
 Metaspace       used 75262K, committed 76864K, reserved 1179648K
  class space    used 8034K, committed 8704K, reserved 1048576K
}
Event: 36121.417 GC heap after
{Heap after GC invocations=173 (full 3):
 PSYoungGen      total 3584K, used 528K [0x00000000d5580000, 0x00000000d5c00000, 0x0000000100000000)
  eden space 2560K, 0% used [0x00000000d5580000,0x00000000d5580000,0x00000000d5800000)
  from space 1024K, 51% used [0x00000000d5b00000,0x00000000d5b84010,0x00000000d5c00000)
  to   space 1536K, 0% used [0x00000000d5900000,0x00000000d5900000,0x00000000d5a80000)
 ParOldGen       total 145920K, used 145750K [0x0000000080000000, 0x0000000088e80000, 0x00000000d5580000)
  object space 145920K, 99% used [0x0000000080000000,0x0000000088e55910,0x0000000088e80000)
 Metaspace       used 75262K, committed 76864K, reserved 1179648K
  class space    used 8034K, committed 8704K, reserved 1048576K
}
Event: 36121.433 GC heap before
{Heap before GC invocations=174 (full 3):
 PSYoungGen      total 3584K, used 2919K [0x00000000d5580000, 0x00000000d5c00000, 0x0000000100000000)
  eden space 2560K, 93% used [0x00000000d5580000,0x00000000d57d5dc8,0x00000000d5800000)
  from space 1024K, 51% used [0x00000000d5b00000,0x00000000d5b84010,0x00000000d5c00000)
  to   space 1536K, 0% used [0x00000000d5900000,0x00000000d5900000,0x00000000d5a80000)
 ParOldGen       total 145920K, used 145750K [0x0000000080000000, 0x0000000088e80000, 0x00000000d5580000)
  object space 145920K, 99% used [0x0000000080000000,0x0000000088e55910,0x0000000088e80000)
 Metaspace       used 75276K, committed 76864K, reserved 1179648K
  class space    used 8034K, committed 8704K, reserved 1048576K
}
Event: 36121.435 GC heap after
{Heap after GC invocations=174 (full 3):
 PSYoungGen      total 4096K, used 256K [0x00000000d5580000, 0x00000000d5b80000, 0x0000000100000000)
  eden space 2560K, 0% used [0x00000000d5580000,0x00000000d5580000,0x00000000d5800000)
  from space 1536K, 16% used [0x00000000d5900000,0x00000000d5940000,0x00000000d5a80000)
  to   space 512K, 0% used [0x00000000d5b00000,0x00000000d5b00000,0x00000000d5b80000)
 ParOldGen       total 146432K, used 146214K [0x0000000080000000, 0x0000000088f00000, 0x00000000d5580000)
  object space 146432K, 99% used [0x0000000080000000,0x0000000088ec9940,0x0000000088f00000)
 Metaspace       used 75276K, committed 76864K, reserved 1179648K
  class space    used 8034K, committed 8704K, reserved 1048576K
}
Event: 36121.460 GC heap before
{Heap before GC invocations=175 (full 3):
 PSYoungGen      total 4096K, used 2816K [0x00000000d5580000, 0x00000000d5b80000, 0x0000000100000000)
  eden space 2560K, 100% used [0x00000000d5580000,0x00000000d5800000,0x00000000d5800000)
  from space 1536K, 16% used [0x00000000d5900000,0x00000000d5940000,0x00000000d5a80000)
  to   space 512K, 0% used [0x00000000d5b00000,0x00000000d5b00000,0x00000000d5b80000)
 ParOldGen       total 147968K, used 147655K [0x0000000080000000, 0x0000000089080000, 0x00000000d5580000)
  object space 147968K, 99% used [0x0000000080000000,0x0000000089031d68,0x0000000089080000)
 Metaspace       used 75279K, committed 76864K, reserved 1179648K
  class space    used 8034K, committed 8704K, reserved 1048576K
}
Event: 36121.462 GC heap after
{Heap after GC invocations=175 (full 3):
 PSYoungGen      total 3072K, used 288K [0x00000000d5580000, 0x00000000d5b80000, 0x0000000100000000)
  eden space 2560K, 0% used [0x00000000d5580000,0x00000000d5580000,0x00000000d5800000)
  from space 512K, 56% used [0x00000000d5b00000,0x00000000d5b48230,0x00000000d5b80000)
  to   space 512K, 0% used [0x00000000d5a80000,0x00000000d5a80000,0x00000000d5b00000)
 ParOldGen       total 147968K, used 147743K [0x0000000080000000, 0x0000000089080000, 0x00000000d5580000)
  object space 147968K, 99% used [0x0000000080000000,0x0000000089047d68,0x0000000089080000)
 Metaspace       used 75279K, committed 76864K, reserved 1179648K
  class space    used 8034K, committed 8704K, reserved 1048576K
}
Event: 36121.513 GC heap before
{Heap before GC invocations=176 (full 3):
 PSYoungGen      total 3072K, used 2848K [0x00000000d5580000, 0x00000000d5b80000, 0x0000000100000000)
  eden space 2560K, 100% used [0x00000000d5580000,0x00000000d5800000,0x00000000d5800000)
  from space 512K, 56% used [0x00000000d5b00000,0x00000000d5b48230,0x00000000d5b80000)
  to   space 512K, 0% used [0x00000000d5a80000,0x00000000d5a80000,0x00000000d5b00000)
 ParOldGen       total 149504K, used 149184K [0x0000000080000000, 0x0000000089200000, 0x00000000d5580000)
  object space 149504K, 99% used [0x0000000080000000,0x00000000891b0190,0x0000000089200000)
 Metaspace       used 75459K, committed 76992K, reserved 1179648K
  class space    used 8049K, committed 8704K, reserved 1048576K
}
Event: 36121.514 GC heap after
{Heap after GC invocations=176 (full 3):
 PSYoungGen      total 3072K, used 320K [0x00000000d5580000, 0x00000000d5b80000, 0x0000000100000000)
  eden space 2560K, 0% used [0x00000000d5580000,0x00000000d5580000,0x00000000d5800000)
  from space 512K, 62% used [0x00000000d5a80000,0x00000000d5ad0000,0x00000000d5b00000)
  to   space 512K, 0% used [0x00000000d5b00000,0x00000000d5b00000,0x00000000d5b80000)
 ParOldGen       total 149504K, used 149312K [0x0000000080000000, 0x0000000089200000, 0x00000000d5580000)
  object space 149504K, 99% used [0x0000000080000000,0x00000000891d03c0,0x0000000089200000)
 Metaspace       used 75459K, committed 76992K, reserved 1179648K
  class space    used 8049K, committed 8704K, reserved 1048576K
}
Event: 36121.569 GC heap before
{Heap before GC invocations=177 (full 3):
 PSYoungGen      total 3072K, used 2880K [0x00000000d5580000, 0x00000000d5b80000, 0x0000000100000000)
  eden space 2560K, 100% used [0x00000000d5580000,0x00000000d5800000,0x00000000d5800000)
  from space 512K, 62% used [0x00000000d5a80000,0x00000000d5ad0000,0x00000000d5b00000)
  to   space 512K, 0% used [0x00000000d5b00000,0x00000000d5b00000,0x00000000d5b80000)
 ParOldGen       total 149504K, used 149312K [0x0000000080000000, 0x0000000089200000, 0x00000000d5580000)
  object space 149504K, 99% used [0x0000000080000000,0x00000000891d03c0,0x0000000089200000)
 Metaspace       used 75775K, committed 77312K, reserved 1179648K
  class space    used 8098K, committed 8704K, reserved 1048576K
}
Event: 36121.570 GC heap after
{Heap after GC invocations=177 (full 3):
 PSYoungGen      total 3072K, used 416K [0x00000000d5580000, 0x00000000d5b80000, 0x0000000100000000)
  eden space 2560K, 0% used [0x00000000d5580000,0x00000000d5580000,0x00000000d5800000)
  from space 512K, 81% used [0x00000000d5b00000,0x00000000d5b68000,0x00000000d5b80000)
  to   space 512K, 0% used [0x00000000d5a80000,0x00000000d5a80000,0x00000000d5b00000)
 ParOldGen       total 149504K, used 149450K [0x0000000080000000, 0x0000000089200000, 0x00000000d5580000)
  object space 149504K, 99% used [0x0000000080000000,0x00000000891f2890,0x0000000089200000)
 Metaspace       used 75775K, committed 77312K, reserved 1179648K
  class space    used 8098K, committed 8704K, reserved 1048576K
}
Event: 36122.618 GC heap before
{Heap before GC invocations=178 (full 3):
 PSYoungGen      total 3072K, used 2976K [0x00000000d5580000, 0x00000000d5b80000, 0x0000000100000000)
  eden space 2560K, 100% used [0x00000000d5580000,0x00000000d5800000,0x00000000d5800000)
  from space 512K, 81% used [0x00000000d5b00000,0x00000000d5b68000,0x00000000d5b80000)
  to   space 512K, 0% used [0x00000000d5a80000,0x00000000d5a80000,0x00000000d5b00000)
 ParOldGen       total 149504K, used 149450K [0x0000000080000000, 0x0000000089200000, 0x00000000d5580000)
  object space 149504K, 99% used [0x0000000080000000,0x00000000891f2890,0x0000000089200000)
 Metaspace       used 76121K, committed 77632K, reserved 1179648K
  class space    used 8150K, committed 8768K, reserved 1048576K
}
Event: 36123.630 GC heap after
{Heap after GC invocations=178 (full 3):
 PSYoungGen      total 3072K, used 256K [0x00000000d5580000, 0x00000000d5b80000, 0x0000000100000000)
  eden space 2560K, 0% used [0x00000000d5580000,0x00000000d5580000,0x00000000d5800000)
  from space 512K, 50% used [0x00000000d5a80000,0x00000000d5ac0000,0x00000000d5b00000)
  to   space 512K, 0% used [0x00000000d5b00000,0x00000000d5b00000,0x00000000d5b80000)
 ParOldGen       total 150016K, used 149714K [0x0000000080000000, 0x0000000089280000, 0x00000000d5580000)
  object space 150016K, 99% used [0x0000000080000000,0x00000000892349f8,0x0000000089280000)
 Metaspace       used 76121K, committed 77632K, reserved 1179648K
  class space    used 8150K, committed 8768K, reserved 1048576K
}

