# JRE version: OpenJDK Runtime Environment Temurin-21.0.11+10 (21.0.11+10) (build 21.0.11+10-LTS)
# Java VM: OpenJDK 64-Bit Server VM Temurin-21.0.11+10 (21.0.11+10-LTS, mixed mode, sharing, tiered, compressed oops, compressed class ptrs, parallel gc, windows-amd64)
GC Precious Log:
 CardTable entry size: 512
 CPUs: 8 total, 8 available
 Memory: 16271M
 Large Page Support: Disabled
 NUMA Support: Disabled
 Compressed Oops: Enabled (32-bit)
 Alignments: Space 512K, Generation 512K, Heap 2M
 Heap Min Capacity: 100M
 Heap Initial Capacity: 100M
 Heap Max Capacity: 2G
 Pre-touch: Disabled
 Parallel Workers: 8
Heap:
 PSYoungGen      total 18432K, used 1723K [0x00000000d5580000, 0x00000000d6c00000, 0x0000000100000000)
  eden space 17408K, 4% used [0x00000000d5580000,0x00000000d5632be8,0x00000000d6680000)
  from space 1024K, 98% used [0x00000000d6900000,0x00000000d69fc050,0x00000000d6a00000)
  to   space 2560K, 0% used [0x00000000d6680000,0x00000000d6680000,0x00000000d6900000)
 ParOldGen       total 68608K, used 42642K [0x0000000080000000, 0x0000000084300000, 0x00000000d5580000)
  object space 68608K, 62% used [0x0000000080000000,0x00000000829a4bb0,0x0000000084300000)
 Metaspace       used 61761K, committed 63104K, reserved 1114112K
  class space    used 6639K, committed 7168K, reserved 1048576K
GC Heap History (20 events):
Event: 49.342 GC heap before
{Heap before GC invocations=29 (full 2):
 PSYoungGen      total 24576K, used 24192K [0x00000000d5580000, 0x00000000d7000000, 0x0000000100000000)
  eden space 22016K, 100% used [0x00000000d5580000,0x00000000d6b00000,0x00000000d6b00000)
  from space 2560K, 85% used [0x00000000d6d80000,0x00000000d6fa0010,0x00000000d7000000)
  to   space 2560K, 0% used [0x00000000d6b00000,0x00000000d6b00000,0x00000000d6d80000)
 ParOldGen       total 68608K, used 39309K [0x0000000080000000, 0x0000000084300000, 0x00000000d5580000)
  object space 68608K, 57% used [0x0000000080000000,0x00000000826637b8,0x0000000084300000)
 Metaspace       used 50661K, committed 51840K, reserved 1114112K
  class space    used 5505K, committed 6016K, reserved 1048576K
}
Event: 49.348 GC heap after
{Heap after GC invocations=29 (full 2):
 PSYoungGen      total 24064K, used 1912K [0x00000000d5580000, 0x00000000d6f00000, 0x0000000100000000)
  eden space 22016K, 0% used [0x00000000d5580000,0x00000000d5580000,0x00000000d6b00000)
  from space 2048K, 93% used [0x00000000d6b00000,0x00000000d6cde200,0x00000000d6d00000)
  to   space 2048K, 0% used [0x00000000d6d00000,0x00000000d6d00000,0x00000000d6f00000)
 ParOldGen       total 68608K, used 41405K [0x0000000080000000, 0x0000000084300000, 0x00000000d5580000)
  object space 68608K, 60% used [0x0000000080000000,0x000000008286f7c8,0x0000000084300000)
 Metaspace       used 50661K, committed 51840K, reserved 1114112K
  class space    used 5505K, committed 6016K, reserved 1048576K
}
Event: 49.879 GC heap before
{Heap before GC invocations=30 (full 2):
 PSYoungGen      total 24064K, used 23928K [0x00000000d5580000, 0x00000000d6f00000, 0x0000000100000000)
  eden space 22016K, 100% used [0x00000000d5580000,0x00000000d6b00000,0x00000000d6b00000)
  from space 2048K, 93% used [0x00000000d6b00000,0x00000000d6cde200,0x00000000d6d00000)
  to   space 2048K, 0% used [0x00000000d6d00000,0x00000000d6d00000,0x00000000d6f00000)
 ParOldGen       total 68608K, used 41405K [0x0000000080000000, 0x0000000084300000, 0x00000000d5580000)
  object space 68608K, 60% used [0x0000000080000000,0x000000008286f7c8,0x0000000084300000)
 Metaspace       used 52316K, committed 53504K, reserved 1114112K
  class space    used 5671K, committed 6208K, reserved 1048576K
}
Event: 49.885 GC heap after
{Heap after GC invocations=30 (full 2):
 PSYoungGen      total 19968K, used 2018K [0x00000000d5580000, 0x00000000d7700000, 0x0000000100000000)
  eden space 17920K, 0% used [0x00000000d5580000,0x00000000d5580000,0x00000000d6700000)
  from space 2048K, 98% used [0x00000000d6d00000,0x00000000d6ef8848,0x00000000d6f00000)
  to   space 6144K, 0% used [0x00000000d6700000,0x00000000d6700000,0x00000000d6d00000)
 ParOldGen       total 68608K, used 44592K [0x0000000080000000, 0x0000000084300000, 0x00000000d5580000)
  object space 68608K, 64% used [0x0000000080000000,0x0000000082b8c388,0x0000000084300000)
 Metaspace       used 52316K, committed 53504K, reserved 1114112K
  class space    used 5671K, committed 6208K, reserved 1048576K
}
Event: 50.531 GC heap before
{Heap before GC invocations=31 (full 2):
 PSYoungGen      total 19968K, used 19938K [0x00000000d5580000, 0x00000000d7700000, 0x0000000100000000)
  eden space 17920K, 100% used [0x00000000d5580000,0x00000000d6700000,0x00000000d6700000)
  from space 2048K, 98% used [0x00000000d6d00000,0x00000000d6ef8848,0x00000000d6f00000)
  to   space 6144K, 0% used [0x00000000d6700000,0x00000000d6700000,0x00000000d6d00000)
 ParOldGen       total 68608K, used 44592K [0x0000000080000000, 0x0000000084300000, 0x00000000d5580000)
  object space 68608K, 64% used [0x0000000080000000,0x0000000082b8c388,0x0000000084300000)
 Metaspace       used 53647K, committed 54912K, reserved 1114112K
  class space    used 5811K, committed 6336K, reserved 1048576K
}
Event: 50.535 GC heap after
{Heap after GC invocations=31 (full 2):
 PSYoungGen      total 18944K, used 891K [0x00000000d5580000, 0x00000000d6d80000, 0x0000000100000000)
  eden space 17920K, 0% used [0x00000000d5580000,0x00000000d5580000,0x00000000d6700000)
  from space 1024K, 87% used [0x00000000d6700000,0x00000000d67dedb8,0x00000000d6800000)
  to   space 2560K, 0% used [0x00000000d6b00000,0x00000000d6b00000,0x00000000d6d80000)
 ParOldGen       total 68608K, used 46610K [0x0000000080000000, 0x0000000084300000, 0x00000000d5580000)
  object space 68608K, 67% used [0x0000000080000000,0x0000000082d84838,0x0000000084300000)
 Metaspace       used 53647K, committed 54912K, reserved 1114112K
  class space    used 5811K, committed 6336K, reserved 1048576K
}
Event: 51.037 GC heap before
{Heap before GC invocations=32 (full 2):
 PSYoungGen      total 18944K, used 18811K [0x00000000d5580000, 0x00000000d6d80000, 0x0000000100000000)
  eden space 17920K, 100% used [0x00000000d5580000,0x00000000d6700000,0x00000000d6700000)
  from space 1024K, 87% used [0x00000000d6700000,0x00000000d67dedb8,0x00000000d6800000)
  to   space 2560K, 0% used [0x00000000d6b00000,0x00000000d6b00000,0x00000000d6d80000)
 ParOldGen       total 68608K, used 46610K [0x0000000080000000, 0x0000000084300000, 0x00000000d5580000)
  object space 68608K, 67% used [0x0000000080000000,0x0000000082d84838,0x0000000084300000)
 Metaspace       used 54852K, committed 56064K, reserved 1114112K
  class space    used 5916K, committed 6464K, reserved 1048576K
}
Event: 51.039 GC heap after
{Heap after GC invocations=32 (full 2):
 PSYoungGen      total 19456K, used 1489K [0x00000000d5580000, 0x00000000d6c80000, 0x0000000100000000)
  eden space 17920K, 0% used [0x00000000d5580000,0x00000000d5580000,0x00000000d6700000)
  from space 1536K, 96% used [0x00000000d6b00000,0x00000000d6c746d8,0x00000000d6c80000)
  to   space 2048K, 0% used [0x00000000d6880000,0x00000000d6880000,0x00000000d6a80000)
 ParOldGen       total 68608K, used 47210K [0x0000000080000000, 0x0000000084300000, 0x00000000d5580000)
  object space 68608K, 68% used [0x0000000080000000,0x0000000082e1a8e8,0x0000000084300000)
 Metaspace       used 54852K, committed 56064K, reserved 1114112K
  class space    used 5916K, committed 6464K, reserved 1048576K
}
Event: 51.192 GC heap before
{Heap before GC invocations=33 (full 2):
 PSYoungGen      total 19456K, used 19409K [0x00000000d5580000, 0x00000000d6c80000, 0x0000000100000000)
  eden space 17920K, 100% used [0x00000000d5580000,0x00000000d6700000,0x00000000d6700000)
  from space 1536K, 96% used [0x00000000d6b00000,0x00000000d6c746d8,0x00000000d6c80000)
  to   space 2048K, 0% used [0x00000000d6880000,0x00000000d6880000,0x00000000d6a80000)
 ParOldGen       total 68608K, used 47210K [0x0000000080000000, 0x0000000084300000, 0x00000000d5580000)
  object space 68608K, 68% used [0x0000000080000000,0x0000000082e1a8e8,0x0000000084300000)
 Metaspace       used 54888K, committed 56064K, reserved 1114112K
  class space    used 5917K, committed 6464K, reserved 1048576K
}
Event: 51.196 GC heap after
{Heap after GC invocations=33 (full 2):
 PSYoungGen      total 19456K, used 1086K [0x00000000d5580000, 0x00000000d6b80000, 0x0000000100000000)
  eden space 17920K, 0% used [0x00000000d5580000,0x00000000d5580000,0x00000000d6700000)
  from space 1536K, 70% used [0x00000000d6880000,0x00000000d698f9c8,0x00000000d6a00000)
  to   space 1536K, 0% used [0x00000000d6a00000,0x00000000d6a00000,0x00000000d6b80000)
 ParOldGen       total 68608K, used 48014K [0x0000000080000000, 0x0000000084300000, 0x00000000d5580000)
  object space 68608K, 69% used [0x0000000080000000,0x0000000082ee3a60,0x0000000084300000)
 Metaspace       used 54888K, committed 56064K, reserved 1114112K
  class space    used 5917K, committed 6464K, reserved 1048576K
}
Event: 51.325 GC heap before
{Heap before GC invocations=34 (full 2):
 PSYoungGen      total 19456K, used 19006K [0x00000000d5580000, 0x00000000d6b80000, 0x0000000100000000)
  eden space 17920K, 100% used [0x00000000d5580000,0x00000000d6700000,0x00000000d6700000)
  from space 1536K, 70% used [0x00000000d6880000,0x00000000d698f9c8,0x00000000d6a00000)
  to   space 1536K, 0% used [0x00000000d6a00000,0x00000000d6a00000,0x00000000d6b80000)
 ParOldGen       total 68608K, used 48014K [0x0000000080000000, 0x0000000084300000, 0x00000000d5580000)
  object space 68608K, 69% used [0x0000000080000000,0x0000000082ee3a60,0x0000000084300000)
 Metaspace       used 55244K, committed 56384K, reserved 1114112K
  class space    used 5941K, committed 6464K, reserved 1048576K
}
Event: 51.326 GC heap after
{Heap after GC invocations=34 (full 2):
 PSYoungGen      total 18432K, used 192K [0x00000000d5580000, 0x00000000d6a80000, 0x0000000100000000)
  eden space 17920K, 0% used [0x00000000d5580000,0x00000000d5580000,0x00000000d6700000)
  from space 512K, 37% used [0x00000000d6a00000,0x00000000d6a30000,0x00000000d6a80000)
  to   space 1024K, 0% used [0x00000000d6880000,0x00000000d6880000,0x00000000d6980000)
 ParOldGen       total 68608K, used 48054K [0x0000000080000000, 0x0000000084300000, 0x00000000d5580000)
  object space 68608K, 70% used [0x0000000080000000,0x0000000082eeda60,0x0000000084300000)
 Metaspace       used 55244K, committed 56384K, reserved 1114112K
  class space    used 5941K, committed 6464K, reserved 1048576K
}
Event: 52.639 GC heap before
{Heap before GC invocations=35 (full 2):
 PSYoungGen      total 18432K, used 18112K [0x00000000d5580000, 0x00000000d6a80000, 0x0000000100000000)
  eden space 17920K, 100% used [0x00000000d5580000,0x00000000d6700000,0x00000000d6700000)
  from space 512K, 37% used [0x00000000d6a00000,0x00000000d6a30000,0x00000000d6a80000)
  to   space 1024K, 0% used [0x00000000d6880000,0x00000000d6880000,0x00000000d6980000)
 ParOldGen       total 68608K, used 48054K [0x0000000080000000, 0x0000000084300000, 0x00000000d5580000)
  object space 68608K, 70% used [0x0000000080000000,0x0000000082eeda60,0x0000000084300000)
 Metaspace       used 57130K, committed 58432K, reserved 1114112K
  class space    used 6128K, committed 6720K, reserved 1048576K
}
Event: 52.641 GC heap after
{Heap after GC invocations=35 (full 2):
 PSYoungGen      total 18944K, used 1010K [0x00000000d5580000, 0x00000000d6a80000, 0x0000000100000000)
  eden space 17920K, 0% used [0x00000000d5580000,0x00000000d5580000,0x00000000d6700000)
  from space 1024K, 98% used [0x00000000d6880000,0x00000000d697cb98,0x00000000d6980000)
  to   space 1024K, 0% used [0x00000000d6980000,0x00000000d6980000,0x00000000d6a80000)
 ParOldGen       total 68608K, used 48086K [0x0000000080000000, 0x0000000084300000, 0x00000000d5580000)
  object space 68608K, 70% used [0x0000000080000000,0x0000000082ef5a60,0x0000000084300000)
 Metaspace       used 57130K, committed 58432K, reserved 1114112K
  class space    used 6128K, committed 6720K, reserved 1048576K
}
Event: 53.064 GC heap before
{Heap before GC invocations=36 (full 2):
 PSYoungGen      total 18944K, used 11705K [0x00000000d5580000, 0x00000000d6a80000, 0x0000000100000000)
  eden space 17920K, 59% used [0x00000000d5580000,0x00000000d5ff1a50,0x00000000d6700000)
  from space 1024K, 98% used [0x00000000d6880000,0x00000000d697cb98,0x00000000d6980000)
  to   space 1024K, 0% used [0x00000000d6980000,0x00000000d6980000,0x00000000d6a80000)
 ParOldGen       total 68608K, used 48086K [0x0000000080000000, 0x0000000084300000, 0x00000000d5580000)
  object space 68608K, 70% used [0x0000000080000000,0x0000000082ef5a60,0x0000000084300000)
 Metaspace       used 58492K, committed 59776K, reserved 1114112K
  class space    used 6279K, committed 6848K, reserved 1048576K
}
Event: 53.067 GC heap after
{Heap after GC invocations=36 (full 2):
 PSYoungGen      total 18432K, used 416K [0x00000000d5580000, 0x00000000d6a00000, 0x0000000100000000)
  eden space 17920K, 0% used [0x00000000d5580000,0x00000000d5580000,0x00000000d6700000)
  from space 512K, 81% used [0x00000000d6980000,0x00000000d69e8000,0x00000000d6a00000)
  to   space 1024K, 0% used [0x00000000d6800000,0x00000000d6800000,0x00000000d6900000)
 ParOldGen       total 68608K, used 48584K [0x0000000080000000, 0x0000000084300000, 0x00000000d5580000)
  object space 68608K, 70% used [0x0000000080000000,0x0000000082f722c8,0x0000000084300000)
 Metaspace       used 58492K, committed 59776K, reserved 1114112K
  class space    used 6279K, committed 6848K, reserved 1048576K
}
Event: 53.067 GC heap before
{Heap before GC invocations=37 (full 3):
 PSYoungGen      total 18432K, used 416K [0x00000000d5580000, 0x00000000d6a00000, 0x0000000100000000)
  eden space 17920K, 0% used [0x00000000d5580000,0x00000000d5580000,0x00000000d6700000)
  from space 512K, 81% used [0x00000000d6980000,0x00000000d69e8000,0x00000000d6a00000)
  to   space 1024K, 0% used [0x00000000d6800000,0x00000000d6800000,0x00000000d6900000)
 ParOldGen       total 68608K, used 48584K [0x0000000080000000, 0x0000000084300000, 0x00000000d5580000)
  object space 68608K, 70% used [0x0000000080000000,0x0000000082f722c8,0x0000000084300000)
 Metaspace       used 58492K, committed 59776K, reserved 1114112K
  class space    used 6279K, committed 6848K, reserved 1048576K
}
Event: 53.203 GC heap after
{Heap after GC invocations=37 (full 3):
 PSYoungGen      total 18432K, used 0K [0x00000000d5580000, 0x00000000d6a00000, 0x0000000100000000)
  eden space 17920K, 0% used [0x00000000d5580000,0x00000000d5580000,0x00000000d6700000)
  from space 512K, 0% used [0x00000000d6980000,0x00000000d6980000,0x00000000d6a00000)
  to   space 1024K, 0% used [0x00000000d6800000,0x00000000d6800000,0x00000000d6900000)
 ParOldGen       total 68608K, used 41713K [0x0000000080000000, 0x0000000084300000, 0x00000000d5580000)
  object space 68608K, 60% used [0x0000000080000000,0x00000000828bc660,0x0000000084300000)
 Metaspace       used 58492K, committed 59776K, reserved 1114112K
  class space    used 6279K, committed 6848K, reserved 1048576K
}
Event: 53.777 GC heap before
{Heap before GC invocations=38 (full 3):
 PSYoungGen      total 18432K, used 17920K [0x00000000d5580000, 0x00000000d6a00000, 0x0000000100000000)
  eden space 17920K, 100% used [0x00000000d5580000,0x00000000d6700000,0x00000000d6700000)
  from space 512K, 0% used [0x00000000d6980000,0x00000000d6980000,0x00000000d6a00000)
  to   space 1024K, 0% used [0x00000000d6800000,0x00000000d6800000,0x00000000d6900000)
 ParOldGen       total 68608K, used 41713K [0x0000000080000000, 0x0000000084300000, 0x00000000d5580000)
  object space 68608K, 60% used [0x0000000080000000,0x00000000828bc660,0x0000000084300000)
 Metaspace       used 60317K, committed 61568K, reserved 1114112K
  class space    used 6505K, committed 7040K, reserved 1048576K
}
Event: 53.779 GC heap after
{Heap after GC invocations=38 (full 3):
 PSYoungGen      total 18944K, used 992K [0x00000000d5580000, 0x00000000d6a00000, 0x0000000100000000)
  eden space 17920K, 0% used [0x00000000d5580000,0x00000000d5580000,0x00000000d6700000)
  from space 1024K, 96% used [0x00000000d6800000,0x00000000d68f8050,0x00000000d6900000)
  to   space 1024K, 0% used [0x00000000d6900000,0x00000000d6900000,0x00000000d6a00000)
 ParOldGen       total 68608K, used 41768K [0x0000000080000000, 0x0000000084300000, 0x00000000d5580000)
  object space 68608K, 60% used [0x0000000080000000,0x00000000828ca0c0,0x0000000084300000)
 Metaspace       used 60317K, committed 61568K, reserved 1114112K
  class space    used 6505K, committed 7040K, reserved 1048576K
}

