# JRE version: OpenJDK Runtime Environment Temurin-21.0.10+7 (21.0.10+7) (build 21.0.10+7-LTS)
# Java VM: OpenJDK 64-Bit Server VM Temurin-21.0.10+7 (21.0.10+7-LTS, mixed mode, sharing, tiered, compressed oops, compressed class ptrs, parallel gc, windows-amd64)
GC Precious Log:
 CardTable entry size: 512
 CPUs: 8 total, 8 available
 Memory: 16271M
 Large Page Support: Disabled
 NUMA Support: Disabled
 Compressed Oops: Enabled (32-bit)
 Alignments: Space 512K, Generation 512K, Heap 2M
 Heap Min Capacity: 100M
 Heap Initial Capacity: 100M
 Heap Max Capacity: 2G
 Pre-touch: Disabled
 Parallel Workers: 8
Heap:
 PSYoungGen      total 6656K, used 4108K [0x00000000d5580000, 0x00000000d6080000, 0x0000000100000000)
  eden space 4096K, 38% used [0x00000000d5580000,0x00000000d5708198,0x00000000d5980000)
  from space 2560K, 99% used [0x00000000d5e00000,0x00000000d607b0a0,0x00000000d6080000)
  to   space 3584K, 0% used [0x00000000d5980000,0x00000000d5980000,0x00000000d5d00000)
 ParOldGen       total 921088K, used 920596K [0x0000000080000000, 0x00000000b8380000, 0x00000000d5580000)
  object space 921088K, 99% used [0x0000000080000000,0x00000000b8305098,0x00000000b8380000)
 Metaspace       used 92025K, committed 93696K, reserved 1179648K
  class space    used 9105K, committed 9920K, reserved 1048576K
GC Heap History (20 events):
Event: 8407.635 GC heap before
{Heap before GC invocations=7773 (full 7):
 PSYoungGen      total 4608K, used 4280K [0x00000000d5580000, 0x00000000d5d80000, 0x0000000100000000)
  eden space 4096K, 99% used [0x00000000d5580000,0x00000000d597e2c0,0x00000000d5980000)
  from space 512K, 37% used [0x00000000d5d00000,0x00000000d5d30000,0x00000000d5d80000)
  to   space 512K, 0% used [0x00000000d5c80000,0x00000000d5c80000,0x00000000d5d00000)
 ParOldGen       total 905728K, used 905669K [0x0000000080000000, 0x00000000b7480000, 0x00000000d5580000)
  object space 905728K, 99% used [0x0000000080000000,0x00000000b7471718,0x00000000b7480000)
 Metaspace       used 92012K, committed 93632K, reserved 1179648K
  class space    used 9105K, committed 9920K, reserved 1048576K
}
Event: 8407.638 GC heap after
{Heap after GC invocations=7773 (full 7):
 PSYoungGen      total 4608K, used 192K [0x00000000d5580000, 0x00000000d5d80000, 0x0000000100000000)
  eden space 4096K, 0% used [0x00000000d5580000,0x00000000d5580000,0x00000000d5980000)
  from space 512K, 37% used [0x00000000d5c80000,0x00000000d5cb0000,0x00000000d5d00000)
  to   space 512K, 0% used [0x00000000d5d00000,0x00000000d5d00000,0x00000000d5d80000)
 ParOldGen       total 905728K, used 905709K [0x0000000080000000, 0x00000000b7480000, 0x00000000d5580000)
  object space 905728K, 99% used [0x0000000080000000,0x00000000b747b718,0x00000000b7480000)
 Metaspace       used 92012K, committed 93632K, reserved 1179648K
  class space    used 9105K, committed 9920K, reserved 1048576K
}
Event: 8408.546 GC heap before
{Heap before GC invocations=7774 (full 7):
 PSYoungGen      total 4608K, used 4287K [0x00000000d5580000, 0x00000000d5d80000, 0x0000000100000000)
  eden space 4096K, 99% used [0x00000000d5580000,0x00000000d597fff8,0x00000000d5980000)
  from space 512K, 37% used [0x00000000d5c80000,0x00000000d5cb0000,0x00000000d5d00000)
  to   space 512K, 0% used [0x00000000d5d00000,0x00000000d5d00000,0x00000000d5d80000)
 ParOldGen       total 905728K, used 905709K [0x0000000080000000, 0x00000000b7480000, 0x00000000d5580000)
  object space 905728K, 99% used [0x0000000080000000,0x00000000b747b718,0x00000000b7480000)
 Metaspace       used 92022K, committed 93696K, reserved 1179648K
  class space    used 9105K, committed 9920K, reserved 1048576K
}
Event: 8408.549 GC heap after
{Heap after GC invocations=7774 (full 7):
 PSYoungGen      total 4608K, used 499K [0x00000000d5580000, 0x00000000d5f80000, 0x0000000100000000)
  eden space 4096K, 0% used [0x00000000d5580000,0x00000000d5580000,0x00000000d5980000)
  from space 512K, 97% used [0x00000000d5d00000,0x00000000d5d7cf58,0x00000000d5d80000)
  to   space 3072K, 0% used [0x00000000d5980000,0x00000000d5980000,0x00000000d5c80000)
 ParOldGen       total 907776K, used 907457K [0x0000000080000000, 0x00000000b7680000, 0x00000000d5580000)
  object space 907776K, 99% used [0x0000000080000000,0x00000000b7630670,0x00000000b7680000)
 Metaspace       used 92022K, committed 93696K, reserved 1179648K
  class space    used 9105K, committed 9920K, reserved 1048576K
}
Event: 8408.560 GC heap before
{Heap before GC invocations=7775 (full 7):
 PSYoungGen      total 4608K, used 4490K [0x00000000d5580000, 0x00000000d5f80000, 0x0000000100000000)
  eden space 4096K, 97% used [0x00000000d5580000,0x00000000d5965ab8,0x00000000d5980000)
  from space 512K, 97% used [0x00000000d5d00000,0x00000000d5d7cf58,0x00000000d5d80000)
  to   space 3072K, 0% used [0x00000000d5980000,0x00000000d5980000,0x00000000d5c80000)
 ParOldGen       total 907776K, used 907457K [0x0000000080000000, 0x00000000b7680000, 0x00000000d5580000)
  object space 907776K, 99% used [0x0000000080000000,0x00000000b7630670,0x00000000b7680000)
 Metaspace       used 92022K, committed 93696K, reserved 1179648K
  class space    used 9105K, committed 9920K, reserved 1048576K
}
Event: 8408.563 GC heap after
{Heap after GC invocations=7775 (full 7):
 PSYoungGen      total 7168K, used 3064K [0x00000000d5580000, 0x00000000d6380000, 0x0000000100000000)
  eden space 4096K, 0% used [0x00000000d5580000,0x00000000d5580000,0x00000000d5980000)
  from space 3072K, 99% used [0x00000000d5980000,0x00000000d5c7e200,0x00000000d5c80000)
  to   space 5120K, 0% used [0x00000000d5e80000,0x00000000d5e80000,0x00000000d6380000)
 ParOldGen       total 908800K, used 908629K [0x0000000080000000, 0x00000000b7780000, 0x00000000d5580000)
  object space 908800K, 99% used [0x0000000080000000,0x00000000b77555d8,0x00000000b7780000)
 Metaspace       used 92022K, committed 93696K, reserved 1179648K
  class space    used 9105K, committed 9920K, reserved 1048576K
}
Event: 8408.582 GC heap before
{Heap before GC invocations=7776 (full 7):
 PSYoungGen      total 7168K, used 7156K [0x00000000d5580000, 0x00000000d6380000, 0x0000000100000000)
  eden space 4096K, 99% used [0x00000000d5580000,0x00000000d597ee10,0x00000000d5980000)
  from space 3072K, 99% used [0x00000000d5980000,0x00000000d5c7e200,0x00000000d5c80000)
  to   space 5120K, 0% used [0x00000000d5e80000,0x00000000d5e80000,0x00000000d6380000)
 ParOldGen       total 908800K, used 908629K [0x0000000080000000, 0x00000000b7780000, 0x00000000d5580000)
  object space 908800K, 99% used [0x0000000080000000,0x00000000b77555d8,0x00000000b7780000)
 Metaspace       used 92022K, committed 93696K, reserved 1179648K
  class space    used 9105K, committed 9920K, reserved 1048576K
}
Event: 8408.588 GC heap after
{Heap after GC invocations=7776 (full 7):
 PSYoungGen      total 8704K, used 4173K [0x00000000d5580000, 0x00000000d6300000, 0x0000000100000000)
  eden space 4096K, 0% used [0x00000000d5580000,0x00000000d5580000,0x00000000d5980000)
  from space 4608K, 90% used [0x00000000d5e80000,0x00000000d6293620,0x00000000d6300000)
  to   space 4608K, 0% used [0x00000000d5a00000,0x00000000d5a00000,0x00000000d5e80000)
 ParOldGen       total 911872K, used 911501K [0x0000000080000000, 0x00000000b7a80000, 0x00000000d5580000)
  object space 911872K, 99% used [0x0000000080000000,0x00000000b7a235d8,0x00000000b7a80000)
 Metaspace       used 92022K, committed 93696K, reserved 1179648K
  class space    used 9105K, committed 9920K, reserved 1048576K
}
Event: 8408.953 GC heap before
{Heap before GC invocations=7777 (full 7):
 PSYoungGen      total 8704K, used 8269K [0x00000000d5580000, 0x00000000d6300000, 0x0000000100000000)
  eden space 4096K, 99% used [0x00000000d5580000,0x00000000d597fff0,0x00000000d5980000)
  from space 4608K, 90% used [0x00000000d5e80000,0x00000000d6293620,0x00000000d6300000)
  to   space 4608K, 0% used [0x00000000d5a00000,0x00000000d5a00000,0x00000000d5e80000)
 ParOldGen       total 911872K, used 911501K [0x0000000080000000, 0x00000000b7a80000, 0x00000000d5580000)
  object space 911872K, 99% used [0x0000000080000000,0x00000000b7a235d8,0x00000000b7a80000)
 Metaspace       used 92023K, committed 93696K, reserved 1179648K
  class space    used 9105K, committed 9920K, reserved 1048576K
}
Event: 8408.957 GC heap after
{Heap after GC invocations=7777 (full 7):
 PSYoungGen      total 5632K, used 1312K [0x00000000d5580000, 0x00000000d5f00000, 0x0000000100000000)
  eden space 4096K, 0% used [0x00000000d5580000,0x00000000d5580000,0x00000000d5980000)
  from space 1536K, 85% used [0x00000000d5a00000,0x00000000d5b48020,0x00000000d5b80000)
  to   space 2560K, 0% used [0x00000000d5c80000,0x00000000d5c80000,0x00000000d5f00000)
 ParOldGen       total 915968K, used 915518K [0x0000000080000000, 0x00000000b7e80000, 0x00000000d5580000)
  object space 915968K, 99% used [0x0000000080000000,0x00000000b7e0fbf8,0x00000000b7e80000)
 Metaspace       used 92023K, committed 93696K, reserved 1179648K
  class space    used 9105K, committed 9920K, reserved 1048576K
}
Event: 62516.626 GC heap before
{Heap before GC invocations=7778 (full 7):
 PSYoungGen      total 5632K, used 5408K [0x00000000d5580000, 0x00000000d5f00000, 0x0000000100000000)
  eden space 4096K, 100% used [0x00000000d5580000,0x00000000d5980000,0x00000000d5980000)
  from space 1536K, 85% used [0x00000000d5a00000,0x00000000d5b48020,0x00000000d5b80000)
  to   space 2560K, 0% used [0x00000000d5c80000,0x00000000d5c80000,0x00000000d5f00000)
 ParOldGen       total 915968K, used 915518K [0x0000000080000000, 0x00000000b7e80000, 0x00000000d5580000)
  object space 915968K, 99% used [0x0000000080000000,0x00000000b7e0fbf8,0x00000000b7e80000)
 Metaspace       used 92025K, committed 93696K, reserved 1179648K
  class space    used 9105K, committed 9920K, reserved 1048576K
}
Event: 62516.732 GC heap after
{Heap after GC invocations=7778 (full 7):
 PSYoungGen      total 4608K, used 384K [0x00000000d5580000, 0x00000000d5d00000, 0x0000000100000000)
  eden space 4096K, 0% used [0x00000000d5580000,0x00000000d5580000,0x00000000d5980000)
  from space 512K, 75% used [0x00000000d5c80000,0x00000000d5ce0020,0x00000000d5d00000)
  to   space 1024K, 0% used [0x00000000d5b00000,0x00000000d5b00000,0x00000000d5c00000)
 ParOldGen       total 916992K, used 916494K [0x0000000080000000, 0x00000000b7f80000, 0x00000000d5580000)
  object space 916992K, 99% used [0x0000000080000000,0x00000000b7f03bf8,0x00000000b7f80000)
 Metaspace       used 92025K, committed 93696K, reserved 1179648K
  class space    used 9105K, committed 9920K, reserved 1048576K
}
Event: 62516.762 GC heap before
{Heap before GC invocations=7779 (full 7):
 PSYoungGen      total 4608K, used 4480K [0x00000000d5580000, 0x00000000d5d00000, 0x0000000100000000)
  eden space 4096K, 100% used [0x00000000d5580000,0x00000000d5980000,0x00000000d5980000)
  from space 512K, 75% used [0x00000000d5c80000,0x00000000d5ce0020,0x00000000d5d00000)
  to   space 1024K, 0% used [0x00000000d5b00000,0x00000000d5b00000,0x00000000d5c00000)
 ParOldGen       total 916992K, used 916494K [0x0000000080000000, 0x00000000b7f80000, 0x00000000d5580000)
  object space 916992K, 99% used [0x0000000080000000,0x00000000b7f03bf8,0x00000000b7f80000)
 Metaspace       used 92025K, committed 93696K, reserved 1179648K
  class space    used 9105K, committed 9920K, reserved 1048576K
}
Event: 62516.765 GC heap after
{Heap after GC invocations=7779 (full 7):
 PSYoungGen      total 5120K, used 1004K [0x00000000d5580000, 0x00000000d6380000, 0x0000000100000000)
  eden space 4096K, 0% used [0x00000000d5580000,0x00000000d5580000,0x00000000d5980000)
  from space 1024K, 98% used [0x00000000d5b00000,0x00000000d5bfb0a0,0x00000000d5c00000)
  to   space 5120K, 0% used [0x00000000d5e80000,0x00000000d5e80000,0x00000000d6380000)
 ParOldGen       total 919552K, used 919525K [0x0000000080000000, 0x00000000b8200000, 0x00000000d5580000)
  object space 919552K, 99% used [0x0000000080000000,0x00000000b81f9658,0x00000000b8200000)
 Metaspace       used 92025K, committed 93696K, reserved 1179648K
  class space    used 9105K, committed 9920K, reserved 1048576K
}
Event: 62516.775 GC heap before
{Heap before GC invocations=7780 (full 7):
 PSYoungGen      total 5120K, used 5100K [0x00000000d5580000, 0x00000000d6380000, 0x0000000100000000)
  eden space 4096K, 99% used [0x00000000d5580000,0x00000000d597ffe8,0x00000000d5980000)
  from space 1024K, 98% used [0x00000000d5b00000,0x00000000d5bfb0a0,0x00000000d5c00000)
  to   space 5120K, 0% used [0x00000000d5e80000,0x00000000d5e80000,0x00000000d6380000)
 ParOldGen       total 919552K, used 919525K [0x0000000080000000, 0x00000000b8200000, 0x00000000d5580000)
  object space 919552K, 99% used [0x0000000080000000,0x00000000b81f9658,0x00000000b8200000)
 Metaspace       used 92025K, committed 93696K, reserved 1179648K
  class space    used 9105K, committed 9920K, reserved 1048576K
}
Event: 62516.777 GC heap after
{Heap after GC invocations=7780 (full 7):
 PSYoungGen      total 8192K, used 3692K [0x00000000d5580000, 0x00000000d6280000, 0x0000000100000000)
  eden space 4096K, 0% used [0x00000000d5580000,0x00000000d5580000,0x00000000d5980000)
  from space 4096K, 90% used [0x00000000d5e80000,0x00000000d621b0a0,0x00000000d6280000)
  to   space 4096K, 0% used [0x00000000d5a80000,0x00000000d5a80000,0x00000000d5e80000)
 ParOldGen       total 920064K, used 919669K [0x0000000080000000, 0x00000000b8280000, 0x00000000d5580000)
  object space 920064K, 99% used [0x0000000080000000,0x00000000b821d658,0x00000000b8280000)
 Metaspace       used 92025K, committed 93696K, reserved 1179648K
  class space    used 9105K, committed 9920K, reserved 1048576K
}
Event: 62516.788 GC heap before
{Heap before GC invocations=7781 (full 7):
 PSYoungGen      total 8192K, used 7788K [0x00000000d5580000, 0x00000000d6280000, 0x0000000100000000)
  eden space 4096K, 99% used [0x00000000d5580000,0x00000000d597fff0,0x00000000d5980000)
  from space 4096K, 90% used [0x00000000d5e80000,0x00000000d621b0a0,0x00000000d6280000)
  to   space 4096K, 0% used [0x00000000d5a80000,0x00000000d5a80000,0x00000000d5e80000)
 ParOldGen       total 920064K, used 919669K [0x0000000080000000, 0x00000000b8280000, 0x00000000d5580000)
  object space 920064K, 99% used [0x0000000080000000,0x00000000b821d658,0x00000000b8280000)
 Metaspace       used 92025K, committed 93696K, reserved 1179648K
  class space    used 9105K, committed 9920K, reserved 1048576K
}
Event: 62516.791 GC heap after
{Heap after GC invocations=7781 (full 7):
 PSYoungGen      total 7680K, used 3244K [0x00000000d5580000, 0x00000000d6080000, 0x0000000100000000)
  eden space 4096K, 0% used [0x00000000d5580000,0x00000000d5580000,0x00000000d5980000)
  from space 3584K, 90% used [0x00000000d5a80000,0x00000000d5dab0a0,0x00000000d5e00000)
  to   space 2560K, 0% used [0x00000000d5e00000,0x00000000d5e00000,0x00000000d6080000)
 ParOldGen       total 920064K, used 919685K [0x0000000080000000, 0x00000000b8280000, 0x00000000d5580000)
  object space 920064K, 99% used [0x0000000080000000,0x00000000b8221658,0x00000000b8280000)
 Metaspace       used 92025K, committed 93696K, reserved 1179648K
  class space    used 9105K, committed 9920K, reserved 1048576K
}
Event: 62516.800 GC heap before
{Heap before GC invocations=7782 (full 7):
 PSYoungGen      total 7680K, used 7340K [0x00000000d5580000, 0x00000000d6080000, 0x0000000100000000)
  eden space 4096K, 100% used [0x00000000d5580000,0x00000000d5980000,0x00000000d5980000)
  from space 3584K, 90% used [0x00000000d5a80000,0x00000000d5dab0a0,0x00000000d5e00000)
  to   space 2560K, 0% used [0x00000000d5e00000,0x00000000d5e00000,0x00000000d6080000)
 ParOldGen       total 920064K, used 919685K [0x0000000080000000, 0x00000000b8280000, 0x00000000d5580000)
  object space 920064K, 99% used [0x0000000080000000,0x00000000b8221658,0x00000000b8280000)
 Metaspace       used 92025K, committed 93696K, reserved 1179648K
  class space    used 9105K, committed 9920K, reserved 1048576K
}
Event: 62516.803 GC heap after
{Heap after GC invocations=7782 (full 7):
 PSYoungGen      total 6656K, used 2540K [0x00000000d5580000, 0x00000000d6080000, 0x0000000100000000)
  eden space 4096K, 0% used [0x00000000d5580000,0x00000000d5580000,0x00000000d5980000)
  from space 2560K, 99% used [0x00000000d5e00000,0x00000000d607b0a0,0x00000000d6080000)
  to   space 3584K, 0% used [0x00000000d5980000,0x00000000d5980000,0x00000000d5d00000)
 ParOldGen       total 921088K, used 920596K [0x0000000080000000, 0x00000000b8380000, 0x00000000d5580000)
  object space 921088K, 99% used [0x0000000080000000,0x00000000b8305098,0x00000000b8380000)
 Metaspace       used 92025K, committed 93696K, reserved 1179648K
  class space    used 9105K, committed 9920K, reserved 1048576K
}

