# JRE version: OpenJDK Runtime Environment Temurin-21.0.10+7 (21.0.10+7) (build 21.0.10+7-LTS)
# Java VM: OpenJDK 64-Bit Server VM Temurin-21.0.10+7 (21.0.10+7-LTS, mixed mode, sharing, tiered, compressed oops, compressed class ptrs, parallel gc, windows-amd64)
GC Precious Log:
 CardTable entry size: 512
 CPUs: 8 total, 8 available
 Memory: 16271M
 Large Page Support: Disabled
 NUMA Support: Disabled
 Compressed Oops: Enabled (32-bit)
 Alignments: Space 512K, Generation 512K, Heap 2M
 Heap Min Capacity: 100M
 Heap Initial Capacity: 100M
 Heap Max Capacity: 2G
 Pre-touch: Disabled
 Parallel Workers: 8
Heap:
 PSYoungGen      total 4096K, used 1708K [0x00000000d5580000, 0x00000000d5f00000, 0x0000000100000000)
  eden space 3584K, 40% used [0x00000000d5580000,0x00000000d56eb0d8,0x00000000d5900000)
  from space 512K, 50% used [0x00000000d5e00000,0x00000000d5e40000,0x00000000d5e80000)
  to   space 512K, 0% used [0x00000000d5e80000,0x00000000d5e80000,0x00000000d5f00000)
 ParOldGen       total 780288K, used 779846K [0x0000000080000000, 0x00000000afa00000, 0x00000000d5580000)
  object space 780288K, 99% used [0x0000000080000000,0x00000000af9918d8,0x00000000afa00000)
 Metaspace       used 96812K, committed 98432K, reserved 1179648K
  class space    used 9657K, committed 10368K, reserved 1048576K
GC Heap History (20 events):
Event: 85680.206 GC heap before
{Heap before GC invocations=9734 (full 8):
 PSYoungGen      total 5632K, used 4832K [0x00000000d5580000, 0x00000000d5b80000, 0x0000000100000000)
  eden space 4608K, 100% used [0x00000000d5580000,0x00000000d5a00000,0x00000000d5a00000)
  from space 1024K, 21% used [0x00000000d5a00000,0x00000000d5a38000,0x00000000d5b00000)
  to   space 512K, 0% used [0x00000000d5b00000,0x00000000d5b00000,0x00000000d5b80000)
 ParOldGen       total 768512K, used 768390K [0x0000000080000000, 0x00000000aee80000, 0x00000000d5580000)
  object space 768512K, 99% used [0x0000000080000000,0x00000000aee61ad8,0x00000000aee80000)
 Metaspace       used 96798K, committed 98368K, reserved 1179648K
  class space    used 9657K, committed 10368K, reserved 1048576K
}
Event: 85680.209 GC heap after
{Heap after GC invocations=9734 (full 8):
 PSYoungGen      total 4096K, used 499K [0x00000000d5580000, 0x00000000d5e00000, 0x0000000100000000)
  eden space 3584K, 0% used [0x00000000d5580000,0x00000000d5580000,0x00000000d5900000)
  from space 512K, 97% used [0x00000000d5b00000,0x00000000d5b7cde0,0x00000000d5b80000)
  to   space 2048K, 0% used [0x00000000d5900000,0x00000000d5900000,0x00000000d5b00000)
 ParOldGen       total 770048K, used 769642K [0x0000000080000000, 0x00000000af000000, 0x00000000d5580000)
  object space 770048K, 99% used [0x0000000080000000,0x00000000aef9a8b8,0x00000000af000000)
 Metaspace       used 96798K, committed 98368K, reserved 1179648K
  class space    used 9657K, committed 10368K, reserved 1048576K
}
Event: 85680.219 GC heap before
{Heap before GC invocations=9735 (full 8):
 PSYoungGen      total 4096K, used 4083K [0x00000000d5580000, 0x00000000d5e00000, 0x0000000100000000)
  eden space 3584K, 100% used [0x00000000d5580000,0x00000000d5900000,0x00000000d5900000)
  from space 512K, 97% used [0x00000000d5b00000,0x00000000d5b7cde0,0x00000000d5b80000)
  to   space 2048K, 0% used [0x00000000d5900000,0x00000000d5900000,0x00000000d5b00000)
 ParOldGen       total 770048K, used 769642K [0x0000000080000000, 0x00000000af000000, 0x00000000d5580000)
  object space 770048K, 99% used [0x0000000080000000,0x00000000aef9a8b8,0x00000000af000000)
 Metaspace       used 96798K, committed 98368K, reserved 1179648K
  class space    used 9657K, committed 10368K, reserved 1048576K
}
Event: 85680.223 GC heap after
{Heap after GC invocations=9735 (full 8):
 PSYoungGen      total 5632K, used 2048K [0x00000000d5580000, 0x00000000d6200000, 0x0000000100000000)
  eden space 3584K, 0% used [0x00000000d5580000,0x00000000d5580000,0x00000000d5900000)
  from space 2048K, 100% used [0x00000000d5900000,0x00000000d5b00000,0x00000000d5b00000)
  to   space 4608K, 0% used [0x00000000d5d80000,0x00000000d5d80000,0x00000000d6200000)
 ParOldGen       total 772096K, used 771645K [0x0000000080000000, 0x00000000af200000, 0x00000000d5580000)
  object space 772096K, 99% used [0x0000000080000000,0x00000000af18f6a8,0x00000000af200000)
 Metaspace       used 96798K, committed 98368K, reserved 1179648K
  class space    used 9657K, committed 10368K, reserved 1048576K
}
Event: 85680.253 GC heap before
{Heap before GC invocations=9736 (full 8):
 PSYoungGen      total 5632K, used 5632K [0x00000000d5580000, 0x00000000d6200000, 0x0000000100000000)
  eden space 3584K, 100% used [0x00000000d5580000,0x00000000d5900000,0x00000000d5900000)
  from space 2048K, 100% used [0x00000000d5900000,0x00000000d5b00000,0x00000000d5b00000)
  to   space 4608K, 0% used [0x00000000d5d80000,0x00000000d5d80000,0x00000000d6200000)
 ParOldGen       total 772096K, used 771645K [0x0000000080000000, 0x00000000af200000, 0x00000000d5580000)
  object space 772096K, 99% used [0x0000000080000000,0x00000000af18f6a8,0x00000000af200000)
 Metaspace       used 96799K, committed 98368K, reserved 1179648K
  class space    used 9657K, committed 10368K, reserved 1048576K
}
Event: 85680.260 GC heap after
{Heap after GC invocations=9736 (full 8):
 PSYoungGen      total 5632K, used 1912K [0x00000000d5580000, 0x00000000d5f80000, 0x0000000100000000)
  eden space 3584K, 0% used [0x00000000d5580000,0x00000000d5580000,0x00000000d5900000)
  from space 2048K, 93% used [0x00000000d5d80000,0x00000000d5f5e000,0x00000000d5f80000)
  to   space 3072K, 0% used [0x00000000d5980000,0x00000000d5980000,0x00000000d5c80000)
 ParOldGen       total 774144K, used 773733K [0x0000000080000000, 0x00000000af400000, 0x00000000d5580000)
  object space 774144K, 99% used [0x0000000080000000,0x00000000af3996a8,0x00000000af400000)
 Metaspace       used 96799K, committed 98368K, reserved 1179648K
  class space    used 9657K, committed 10368K, reserved 1048576K
}
Event: 85680.271 GC heap before
{Heap before GC invocations=9737 (full 8):
 PSYoungGen      total 5632K, used 5496K [0x00000000d5580000, 0x00000000d5f80000, 0x0000000100000000)
  eden space 3584K, 100% used [0x00000000d5580000,0x00000000d5900000,0x00000000d5900000)
  from space 2048K, 93% used [0x00000000d5d80000,0x00000000d5f5e000,0x00000000d5f80000)
  to   space 3072K, 0% used [0x00000000d5980000,0x00000000d5980000,0x00000000d5c80000)
 ParOldGen       total 774144K, used 773733K [0x0000000080000000, 0x00000000af400000, 0x00000000d5580000)
  object space 774144K, 99% used [0x0000000080000000,0x00000000af3996a8,0x00000000af400000)
 Metaspace       used 96799K, committed 98368K, reserved 1179648K
  class space    used 9657K, committed 10368K, reserved 1048576K
}
Event: 85680.278 GC heap after
{Heap after GC invocations=9737 (full 8):
 PSYoungGen      total 6656K, used 3056K [0x00000000d5580000, 0x00000000d6500000, 0x0000000100000000)
  eden space 3584K, 0% used [0x00000000d5580000,0x00000000d5580000,0x00000000d5900000)
  from space 3072K, 99% used [0x00000000d5980000,0x00000000d5c7c220,0x00000000d5c80000)
  to   space 6144K, 0% used [0x00000000d5f00000,0x00000000d5f00000,0x00000000d6500000)
 ParOldGen       total 776192K, used 775837K [0x0000000080000000, 0x00000000af600000, 0x00000000d5580000)
  object space 776192K, 99% used [0x0000000080000000,0x00000000af5a76b8,0x00000000af600000)
 Metaspace       used 96799K, committed 98368K, reserved 1179648K
  class space    used 9657K, committed 10368K, reserved 1048576K
}
Event: 85680.549 GC heap before
{Heap before GC invocations=9738 (full 8):
 PSYoungGen      total 6656K, used 6640K [0x00000000d5580000, 0x00000000d6500000, 0x0000000100000000)
  eden space 3584K, 100% used [0x00000000d5580000,0x00000000d5900000,0x00000000d5900000)
  from space 3072K, 99% used [0x00000000d5980000,0x00000000d5c7c220,0x00000000d5c80000)
  to   space 6144K, 0% used [0x00000000d5f00000,0x00000000d5f00000,0x00000000d6500000)
 ParOldGen       total 776192K, used 775837K [0x0000000080000000, 0x00000000af600000, 0x00000000d5580000)
  object space 776192K, 99% used [0x0000000080000000,0x00000000af5a76b8,0x00000000af600000)
 Metaspace       used 96805K, committed 98368K, reserved 1179648K
  class space    used 9657K, committed 10368K, reserved 1048576K
}
Event: 85680.554 GC heap after
{Heap after GC invocations=9738 (full 8):
 PSYoungGen      total 4608K, used 960K [0x00000000d5580000, 0x00000000d6000000, 0x0000000100000000)
  eden space 3584K, 0% used [0x00000000d5580000,0x00000000d5580000,0x00000000d5900000)
  from space 1024K, 93% used [0x00000000d5f00000,0x00000000d5ff0000,0x00000000d6000000)
  to   space 2560K, 0% used [0x00000000d5b00000,0x00000000d5b00000,0x00000000d5d80000)
 ParOldGen       total 779264K, used 778830K [0x0000000080000000, 0x00000000af900000, 0x00000000d5580000)
  object space 779264K, 99% used [0x0000000080000000,0x00000000af8938d8,0x00000000af900000)
 Metaspace       used 96805K, committed 98368K, reserved 1179648K
  class space    used 9657K, committed 10368K, reserved 1048576K
}
Event: 85680.740 GC heap before
{Heap before GC invocations=9739 (full 8):
 PSYoungGen      total 4608K, used 4544K [0x00000000d5580000, 0x00000000d6000000, 0x0000000100000000)
  eden space 3584K, 100% used [0x00000000d5580000,0x00000000d5900000,0x00000000d5900000)
  from space 1024K, 93% used [0x00000000d5f00000,0x00000000d5ff0000,0x00000000d6000000)
  to   space 2560K, 0% used [0x00000000d5b00000,0x00000000d5b00000,0x00000000d5d80000)
 ParOldGen       total 779264K, used 778830K [0x0000000080000000, 0x00000000af900000, 0x00000000d5580000)
  object space 779264K, 99% used [0x0000000080000000,0x00000000af8938d8,0x00000000af900000)
 Metaspace       used 96805K, committed 98368K, reserved 1179648K
  class space    used 9657K, committed 10368K, reserved 1048576K
}
Event: 85680.744 GC heap after
{Heap after GC invocations=9739 (full 8):
 PSYoungGen      total 6144K, used 256K [0x00000000d5580000, 0x00000000d5f80000, 0x0000000100000000)
  eden space 3584K, 0% used [0x00000000d5580000,0x00000000d5580000,0x00000000d5900000)
  from space 2560K, 10% used [0x00000000d5b00000,0x00000000d5b40000,0x00000000d5d80000)
  to   space 1024K, 0% used [0x00000000d5e80000,0x00000000d5e80000,0x00000000d5f80000)
 ParOldGen       total 779776K, used 779646K [0x0000000080000000, 0x00000000af980000, 0x00000000d5580000)
  object space 779776K, 99% used [0x0000000080000000,0x00000000af95f8d8,0x00000000af980000)
 Metaspace       used 96805K, committed 98368K, reserved 1179648K
  class space    used 9657K, committed 10368K, reserved 1048576K
}
Event: 85681.248 GC heap before
{Heap before GC invocations=9740 (full 8):
 PSYoungGen      total 6144K, used 3840K [0x00000000d5580000, 0x00000000d5f80000, 0x0000000100000000)
  eden space 3584K, 100% used [0x00000000d5580000,0x00000000d5900000,0x00000000d5900000)
  from space 2560K, 10% used [0x00000000d5b00000,0x00000000d5b40000,0x00000000d5d80000)
  to   space 1024K, 0% used [0x00000000d5e80000,0x00000000d5e80000,0x00000000d5f80000)
 ParOldGen       total 779776K, used 779646K [0x0000000080000000, 0x00000000af980000, 0x00000000d5580000)
  object space 779776K, 99% used [0x0000000080000000,0x00000000af95f8d8,0x00000000af980000)
 Metaspace       used 96805K, committed 98368K, reserved 1179648K
  class space    used 9657K, committed 10368K, reserved 1048576K
}
Event: 85681.250 GC heap after
{Heap after GC invocations=9740 (full 8):
 PSYoungGen      total 4096K, used 304K [0x00000000d5580000, 0x00000000d5f00000, 0x0000000100000000)
  eden space 3584K, 0% used [0x00000000d5580000,0x00000000d5580000,0x00000000d5900000)
  from space 512K, 59% used [0x00000000d5e80000,0x00000000d5ecc010,0x00000000d5f00000)
  to   space 512K, 0% used [0x00000000d5e00000,0x00000000d5e00000,0x00000000d5e80000)
 ParOldGen       total 779776K, used 779686K [0x0000000080000000, 0x00000000af980000, 0x00000000d5580000)
  object space 779776K, 99% used [0x0000000080000000,0x00000000af9698d8,0x00000000af980000)
 Metaspace       used 96805K, committed 98368K, reserved 1179648K
  class space    used 9657K, committed 10368K, reserved 1048576K
}
Event: 85681.355 GC heap before
{Heap before GC invocations=9741 (full 8):
 PSYoungGen      total 4096K, used 3888K [0x00000000d5580000, 0x00000000d5f00000, 0x0000000100000000)
  eden space 3584K, 100% used [0x00000000d5580000,0x00000000d5900000,0x00000000d5900000)
  from space 512K, 59% used [0x00000000d5e80000,0x00000000d5ecc010,0x00000000d5f00000)
  to   space 512K, 0% used [0x00000000d5e00000,0x00000000d5e00000,0x00000000d5e80000)
 ParOldGen       total 779776K, used 779686K [0x0000000080000000, 0x00000000af980000, 0x00000000d5580000)
  object space 779776K, 99% used [0x0000000080000000,0x00000000af9698d8,0x00000000af980000)
 Metaspace       used 96805K, committed 98368K, reserved 1179648K
  class space    used 9657K, committed 10368K, reserved 1048576K
}
Event: 85681.358 GC heap after
{Heap after GC invocations=9741 (full 8):
 PSYoungGen      total 4096K, used 352K [0x00000000d5580000, 0x00000000d5f00000, 0x0000000100000000)
  eden space 3584K, 0% used [0x00000000d5580000,0x00000000d5580000,0x00000000d5900000)
  from space 512K, 68% used [0x00000000d5e00000,0x00000000d5e58000,0x00000000d5e80000)
  to   space 512K, 0% used [0x00000000d5e80000,0x00000000d5e80000,0x00000000d5f00000)
 ParOldGen       total 779776K, used 779750K [0x0000000080000000, 0x00000000af980000, 0x00000000d5580000)
  object space 779776K, 99% used [0x0000000080000000,0x00000000af9798d8,0x00000000af980000)
 Metaspace       used 96805K, committed 98368K, reserved 1179648K
  class space    used 9657K, committed 10368K, reserved 1048576K
}
Event: 85681.851 GC heap before
{Heap before GC invocations=9742 (full 8):
 PSYoungGen      total 4096K, used 3935K [0x00000000d5580000, 0x00000000d5f00000, 0x0000000100000000)
  eden space 3584K, 99% used [0x00000000d5580000,0x00000000d58ffff0,0x00000000d5900000)
  from space 512K, 68% used [0x00000000d5e00000,0x00000000d5e58000,0x00000000d5e80000)
  to   space 512K, 0% used [0x00000000d5e80000,0x00000000d5e80000,0x00000000d5f00000)
 ParOldGen       total 779776K, used 779750K [0x0000000080000000, 0x00000000af980000, 0x00000000d5580000)
  object space 779776K, 99% used [0x0000000080000000,0x00000000af9798d8,0x00000000af980000)
 Metaspace       used 96805K, committed 98368K, reserved 1179648K
  class space    used 9657K, committed 10368K, reserved 1048576K
}
Event: 85681.855 GC heap after
{Heap after GC invocations=9742 (full 8):
 PSYoungGen      total 4096K, used 352K [0x00000000d5580000, 0x00000000d5f00000, 0x0000000100000000)
  eden space 3584K, 0% used [0x00000000d5580000,0x00000000d5580000,0x00000000d5900000)
  from space 512K, 68% used [0x00000000d5e80000,0x00000000d5ed8000,0x00000000d5f00000)
  to   space 512K, 0% used [0x00000000d5e00000,0x00000000d5e00000,0x00000000d5e80000)
 ParOldGen       total 780288K, used 779798K [0x0000000080000000, 0x00000000afa00000, 0x00000000d5580000)
  object space 780288K, 99% used [0x0000000080000000,0x00000000af9858d8,0x00000000afa00000)
 Metaspace       used 96805K, committed 98368K, reserved 1179648K
  class space    used 9657K, committed 10368K, reserved 1048576K
}
Event: 85755.798 GC heap before
{Heap before GC invocations=9743 (full 8):
 PSYoungGen      total 4096K, used 3929K [0x00000000d5580000, 0x00000000d5f00000, 0x0000000100000000)
  eden space 3584K, 99% used [0x00000000d5580000,0x00000000d58fe468,0x00000000d5900000)
  from space 512K, 68% used [0x00000000d5e80000,0x00000000d5ed8000,0x00000000d5f00000)
  to   space 512K, 0% used [0x00000000d5e00000,0x00000000d5e00000,0x00000000d5e80000)
 ParOldGen       total 780288K, used 779798K [0x0000000080000000, 0x00000000afa00000, 0x00000000d5580000)
  object space 780288K, 99% used [0x0000000080000000,0x00000000af9858d8,0x00000000afa00000)
 Metaspace       used 96809K, committed 98432K, reserved 1179648K
  class space    used 9657K, committed 10368K, reserved 1048576K
}
Event: 85755.800 GC heap after
{Heap after GC invocations=9743 (full 8):
 PSYoungGen      total 4096K, used 256K [0x00000000d5580000, 0x00000000d5f00000, 0x0000000100000000)
  eden space 3584K, 0% used [0x00000000d5580000,0x00000000d5580000,0x00000000d5900000)
  from space 512K, 50% used [0x00000000d5e00000,0x00000000d5e40000,0x00000000d5e80000)
  to   space 512K, 0% used [0x00000000d5e80000,0x00000000d5e80000,0x00000000d5f00000)
 ParOldGen       total 780288K, used 779846K [0x0000000080000000, 0x00000000afa00000, 0x00000000d5580000)
  object space 780288K, 99% used [0x0000000080000000,0x00000000af9918d8,0x00000000afa00000)
 Metaspace       used 96809K, committed 98432K, reserved 1179648K
  class space    used 9657K, committed 10368K, reserved 1048576K
}

