# JRE version: OpenJDK Runtime Environment Temurin-21.0.11+10 (21.0.11+10) (build 21.0.11+10-LTS)
# Java VM: OpenJDK 64-Bit Server VM Temurin-21.0.11+10 (21.0.11+10-LTS, mixed mode, sharing, tiered, compressed oops, compressed class ptrs, parallel gc, windows-amd64)
GC Precious Log:
 CardTable entry size: 512
 CPUs: 8 total, 8 available
 Memory: 16271M
 Large Page Support: Disabled
 NUMA Support: Disabled
 Compressed Oops: Enabled (32-bit)
 Alignments: Space 512K, Generation 512K, Heap 2M
 Heap Min Capacity: 100M
 Heap Initial Capacity: 100M
 Heap Max Capacity: 2G
 Pre-touch: Disabled
 Parallel Workers: 8
Heap:
 PSYoungGen      total 23040K, used 8625K [0x00000000d5580000, 0x00000000d7200000, 0x0000000100000000)
  eden space 22016K, 34% used [0x00000000d5580000,0x00000000d5cee8e0,0x00000000d6b00000)
  from space 1024K, 99% used [0x00000000d6c80000,0x00000000d6d7dee0,0x00000000d6d80000)
  to   space 3584K, 0% used [0x00000000d6e80000,0x00000000d6e80000,0x00000000d7200000)
 ParOldGen       total 68608K, used 33238K [0x0000000080000000, 0x0000000084300000, 0x00000000d5580000)
  object space 68608K, 48% used [0x0000000080000000,0x0000000082075b90,0x0000000084300000)
 Metaspace       used 41223K, committed 42304K, reserved 1114112K
  class space    used 4211K, committed 4672K, reserved 1048576K
GC Heap History (20 events):
Event: 19.619 GC heap before
{Heap before GC invocations=13 (full 1):
 PSYoungGen      total 24576K, used 24214K [0x00000000d5580000, 0x00000000d7180000, 0x0000000100000000)
  eden space 22016K, 99% used [0x00000000d5580000,0x00000000d6af8fa8,0x00000000d6b00000)
  from space 2560K, 86% used [0x00000000d6c80000,0x00000000d6eacb38,0x00000000d6f00000)
  to   space 2560K, 0% used [0x00000000d6f00000,0x00000000d6f00000,0x00000000d7180000)
 ParOldGen       total 68608K, used 15377K [0x0000000080000000, 0x0000000084300000, 0x00000000d5580000)
  object space 68608K, 22% used [0x0000000080000000,0x0000000080f04670,0x0000000084300000)
 Metaspace       used 34006K, committed 34944K, reserved 1114112K
  class space    used 3474K, committed 3904K, reserved 1048576K
}
Event: 19.622 GC heap after
{Heap after GC invocations=13 (full 1):
 PSYoungGen      total 24576K, used 2257K [0x00000000d5580000, 0x00000000d7180000, 0x0000000100000000)
  eden space 22016K, 0% used [0x00000000d5580000,0x00000000d5580000,0x00000000d6b00000)
  from space 2560K, 88% used [0x00000000d6f00000,0x00000000d7134410,0x00000000d7180000)
  to   space 2560K, 0% used [0x00000000d6c80000,0x00000000d6c80000,0x00000000d6f00000)
 ParOldGen       total 68608K, used 17479K [0x0000000080000000, 0x0000000084300000, 0x00000000d5580000)
  object space 68608K, 25% used [0x0000000080000000,0x0000000081111da0,0x0000000084300000)
 Metaspace       used 34006K, committed 34944K, reserved 1114112K
  class space    used 3474K, committed 3904K, reserved 1048576K
}
Event: 20.342 GC heap before
{Heap before GC invocations=14 (full 1):
 PSYoungGen      total 24576K, used 24273K [0x00000000d5580000, 0x00000000d7180000, 0x0000000100000000)
  eden space 22016K, 100% used [0x00000000d5580000,0x00000000d6b00000,0x00000000d6b00000)
  from space 2560K, 88% used [0x00000000d6f00000,0x00000000d7134410,0x00000000d7180000)
  to   space 2560K, 0% used [0x00000000d6c80000,0x00000000d6c80000,0x00000000d6f00000)
 ParOldGen       total 68608K, used 17479K [0x0000000080000000, 0x0000000084300000, 0x00000000d5580000)
  object space 68608K, 25% used [0x0000000080000000,0x0000000081111da0,0x0000000084300000)
 Metaspace       used 34526K, committed 35584K, reserved 1114112K
  class space    used 3580K, committed 4032K, reserved 1048576K
}
Event: 20.346 GC heap after
{Heap after GC invocations=14 (full 1):
 PSYoungGen      total 24576K, used 2530K [0x00000000d5580000, 0x00000000d7500000, 0x0000000100000000)
  eden space 22016K, 0% used [0x00000000d5580000,0x00000000d5580000,0x00000000d6b00000)
  from space 2560K, 98% used [0x00000000d6c80000,0x00000000d6ef88e0,0x00000000d6f00000)
  to   space 5120K, 0% used [0x00000000d7000000,0x00000000d7000000,0x00000000d7500000)
 ParOldGen       total 68608K, used 19599K [0x0000000080000000, 0x0000000084300000, 0x00000000d5580000)
  object space 68608K, 28% used [0x0000000080000000,0x0000000081323da0,0x0000000084300000)
 Metaspace       used 34526K, committed 35584K, reserved 1114112K
  class space    used 3580K, committed 4032K, reserved 1048576K
}
Event: 20.591 GC heap before
{Heap before GC invocations=15 (full 1):
 PSYoungGen      total 24576K, used 24546K [0x00000000d5580000, 0x00000000d7500000, 0x0000000100000000)
  eden space 22016K, 100% used [0x00000000d5580000,0x00000000d6b00000,0x00000000d6b00000)
  from space 2560K, 98% used [0x00000000d6c80000,0x00000000d6ef88e0,0x00000000d6f00000)
  to   space 5120K, 0% used [0x00000000d7000000,0x00000000d7000000,0x00000000d7500000)
 ParOldGen       total 68608K, used 19599K [0x0000000080000000, 0x0000000084300000, 0x00000000d5580000)
  object space 68608K, 28% used [0x0000000080000000,0x0000000081323da0,0x0000000084300000)
 Metaspace       used 34557K, committed 35712K, reserved 1114112K
  class space    used 3581K, committed 4096K, reserved 1048576K
}
Event: 20.596 GC heap after
{Heap after GC invocations=15 (full 1):
 PSYoungGen      total 24576K, used 2368K [0x00000000d5580000, 0x00000000d7280000, 0x0000000100000000)
  eden space 22016K, 0% used [0x00000000d5580000,0x00000000d5580000,0x00000000d6b00000)
  from space 2560K, 92% used [0x00000000d7000000,0x00000000d7250000,0x00000000d7280000)
  to   space 3584K, 0% used [0x00000000d6b80000,0x00000000d6b80000,0x00000000d6f00000)
 ParOldGen       total 68608K, used 22065K [0x0000000080000000, 0x0000000084300000, 0x00000000d5580000)
  object space 68608K, 32% used [0x0000000080000000,0x000000008158c740,0x0000000084300000)
 Metaspace       used 34557K, committed 35712K, reserved 1114112K
  class space    used 3581K, committed 4096K, reserved 1048576K
}
Event: 20.708 GC heap before
{Heap before GC invocations=16 (full 1):
 PSYoungGen      total 24576K, used 24384K [0x00000000d5580000, 0x00000000d7280000, 0x0000000100000000)
  eden space 22016K, 100% used [0x00000000d5580000,0x00000000d6b00000,0x00000000d6b00000)
  from space 2560K, 92% used [0x00000000d7000000,0x00000000d7250000,0x00000000d7280000)
  to   space 3584K, 0% used [0x00000000d6b80000,0x00000000d6b80000,0x00000000d6f00000)
 ParOldGen       total 68608K, used 22065K [0x0000000080000000, 0x0000000084300000, 0x00000000d5580000)
  object space 68608K, 32% used [0x0000000080000000,0x000000008158c740,0x0000000084300000)
 Metaspace       used 34598K, committed 35712K, reserved 1114112K
  class space    used 3581K, committed 4096K, reserved 1048576K
}
Event: 20.713 GC heap after
{Heap after GC invocations=16 (full 1):
 PSYoungGen      total 24576K, used 2340K [0x00000000d5580000, 0x00000000d7080000, 0x0000000100000000)
  eden space 22016K, 0% used [0x00000000d5580000,0x00000000d5580000,0x00000000d6b00000)
  from space 2560K, 91% used [0x00000000d6b80000,0x00000000d6dc9000,0x00000000d6e00000)
  to   space 2560K, 0% used [0x00000000d6e00000,0x00000000d6e00000,0x00000000d7080000)
 ParOldGen       total 68608K, used 24251K [0x0000000080000000, 0x0000000084300000, 0x00000000d5580000)
  object space 68608K, 35% used [0x0000000080000000,0x00000000817aee60,0x0000000084300000)
 Metaspace       used 34598K, committed 35712K, reserved 1114112K
  class space    used 3581K, committed 4096K, reserved 1048576K
}
Event: 20.888 GC heap before
{Heap before GC invocations=17 (full 1):
 PSYoungGen      total 24576K, used 21789K [0x00000000d5580000, 0x00000000d7080000, 0x0000000100000000)
  eden space 22016K, 88% used [0x00000000d5580000,0x00000000d687e638,0x00000000d6b00000)
  from space 2560K, 91% used [0x00000000d6b80000,0x00000000d6dc9000,0x00000000d6e00000)
  to   space 2560K, 0% used [0x00000000d6e00000,0x00000000d6e00000,0x00000000d7080000)
 ParOldGen       total 68608K, used 24251K [0x0000000080000000, 0x0000000084300000, 0x00000000d5580000)
  object space 68608K, 35% used [0x0000000080000000,0x00000000817aee60,0x0000000084300000)
 Metaspace       used 34717K, committed 35840K, reserved 1114112K
  class space    used 3584K, committed 4096K, reserved 1048576K
}
Event: 20.893 GC heap after
{Heap after GC invocations=17 (full 1):
 PSYoungGen      total 24576K, used 2240K [0x00000000d5580000, 0x00000000d7080000, 0x0000000100000000)
  eden space 22016K, 0% used [0x00000000d5580000,0x00000000d5580000,0x00000000d6b00000)
  from space 2560K, 87% used [0x00000000d6e00000,0x00000000d7030010,0x00000000d7080000)
  to   space 2560K, 0% used [0x00000000d6b80000,0x00000000d6b80000,0x00000000d6e00000)
 ParOldGen       total 68608K, used 26481K [0x0000000080000000, 0x0000000084300000, 0x00000000d5580000)
  object space 68608K, 38% used [0x0000000080000000,0x00000000819dc678,0x0000000084300000)
 Metaspace       used 34717K, committed 35840K, reserved 1114112K
  class space    used 3584K, committed 4096K, reserved 1048576K
}
Event: 20.893 GC heap before
{Heap before GC invocations=18 (full 2):
 PSYoungGen      total 24576K, used 2240K [0x00000000d5580000, 0x00000000d7080000, 0x0000000100000000)
  eden space 22016K, 0% used [0x00000000d5580000,0x00000000d5580000,0x00000000d6b00000)
  from space 2560K, 87% used [0x00000000d6e00000,0x00000000d7030010,0x00000000d7080000)
  to   space 2560K, 0% used [0x00000000d6b80000,0x00000000d6b80000,0x00000000d6e00000)
 ParOldGen       total 68608K, used 26481K [0x0000000080000000, 0x0000000084300000, 0x00000000d5580000)
  object space 68608K, 38% used [0x0000000080000000,0x00000000819dc678,0x0000000084300000)
 Metaspace       used 34717K, committed 35840K, reserved 1114112K
  class space    used 3584K, committed 4096K, reserved 1048576K
}
Event: 20.988 GC heap after
{Heap after GC invocations=18 (full 2):
 PSYoungGen      total 24576K, used 0K [0x00000000d5580000, 0x00000000d7080000, 0x0000000100000000)
  eden space 22016K, 0% used [0x00000000d5580000,0x00000000d5580000,0x00000000d6b00000)
  from space 2560K, 0% used [0x00000000d6e00000,0x00000000d6e00000,0x00000000d7080000)
  to   space 2560K, 0% used [0x00000000d6b80000,0x00000000d6b80000,0x00000000d6e00000)
 ParOldGen       total 68608K, used 27376K [0x0000000080000000, 0x0000000084300000, 0x00000000d5580000)
  object space 68608K, 39% used [0x0000000080000000,0x0000000081abc098,0x0000000084300000)
 Metaspace       used 34503K, committed 35840K, reserved 1114112K
  class space    used 3522K, committed 4096K, reserved 1048576K
}
Event: 21.190 GC heap before
{Heap before GC invocations=19 (full 2):
 PSYoungGen      total 24576K, used 22016K [0x00000000d5580000, 0x00000000d7080000, 0x0000000100000000)
  eden space 22016K, 100% used [0x00000000d5580000,0x00000000d6b00000,0x00000000d6b00000)
  from space 2560K, 0% used [0x00000000d6e00000,0x00000000d6e00000,0x00000000d7080000)
  to   space 2560K, 0% used [0x00000000d6b80000,0x00000000d6b80000,0x00000000d6e00000)
 ParOldGen       total 68608K, used 27376K [0x0000000080000000, 0x0000000084300000, 0x00000000d5580000)
  object space 68608K, 39% used [0x0000000080000000,0x0000000081abc098,0x0000000084300000)
 Metaspace       used 34607K, committed 35904K, reserved 1114112K
  class space    used 3523K, committed 4096K, reserved 1048576K
}
Event: 21.193 GC heap after
{Heap after GC invocations=19 (full 2):
 PSYoungGen      total 24576K, used 2168K [0x00000000d5580000, 0x00000000d7000000, 0x0000000100000000)
  eden space 22016K, 0% used [0x00000000d5580000,0x00000000d5580000,0x00000000d6b00000)
  from space 2560K, 84% used [0x00000000d6b80000,0x00000000d6d9e200,0x00000000d6e00000)
  to   space 2048K, 0% used [0x00000000d6e00000,0x00000000d6e00000,0x00000000d7000000)
 ParOldGen       total 68608K, used 27376K [0x0000000080000000, 0x0000000084300000, 0x00000000d5580000)
  object space 68608K, 39% used [0x0000000080000000,0x0000000081abc098,0x0000000084300000)
 Metaspace       used 34607K, committed 35904K, reserved 1114112K
  class space    used 3523K, committed 4096K, reserved 1048576K
}
Event: 21.811 GC heap before
{Heap before GC invocations=20 (full 2):
 PSYoungGen      total 24576K, used 24175K [0x00000000d5580000, 0x00000000d7000000, 0x0000000100000000)
  eden space 22016K, 99% used [0x00000000d5580000,0x00000000d6afdaf8,0x00000000d6b00000)
  from space 2560K, 84% used [0x00000000d6b80000,0x00000000d6d9e200,0x00000000d6e00000)
  to   space 2048K, 0% used [0x00000000d6e00000,0x00000000d6e00000,0x00000000d7000000)
 ParOldGen       total 68608K, used 27376K [0x0000000080000000, 0x0000000084300000, 0x00000000d5580000)
  object space 68608K, 39% used [0x0000000080000000,0x0000000081abc098,0x0000000084300000)
 Metaspace       used 36141K, committed 37120K, reserved 1114112K
  class space    used 3649K, committed 4096K, reserved 1048576K
}
Event: 21.816 GC heap after
{Heap after GC invocations=20 (full 2):
 PSYoungGen      total 24064K, used 1632K [0x00000000d5580000, 0x00000000d7000000, 0x0000000100000000)
  eden space 22016K, 0% used [0x00000000d5580000,0x00000000d5580000,0x00000000d6b00000)
  from space 2048K, 79% used [0x00000000d6e00000,0x00000000d6f98000,0x00000000d7000000)
  to   space 2048K, 0% used [0x00000000d6c00000,0x00000000d6c00000,0x00000000d6e00000)
 ParOldGen       total 68608K, used 29472K [0x0000000080000000, 0x0000000084300000, 0x00000000d5580000)
  object space 68608K, 42% used [0x0000000080000000,0x0000000081cc8298,0x0000000084300000)
 Metaspace       used 36141K, committed 37120K, reserved 1114112K
  class space    used 3649K, committed 4096K, reserved 1048576K
}
Event: 23.367 GC heap before
{Heap before GC invocations=21 (full 2):
 PSYoungGen      total 24064K, used 23603K [0x00000000d5580000, 0x00000000d7000000, 0x0000000100000000)
  eden space 22016K, 99% used [0x00000000d5580000,0x00000000d6af4cf8,0x00000000d6b00000)
  from space 2048K, 79% used [0x00000000d6e00000,0x00000000d6f98000,0x00000000d7000000)
  to   space 2048K, 0% used [0x00000000d6c00000,0x00000000d6c00000,0x00000000d6e00000)
 ParOldGen       total 68608K, used 29472K [0x0000000080000000, 0x0000000084300000, 0x00000000d5580000)
  object space 68608K, 42% used [0x0000000080000000,0x0000000081cc8298,0x0000000084300000)
 Metaspace       used 37306K, committed 38208K, reserved 1114112K
  class space    used 3800K, committed 4224K, reserved 1048576K
}
Event: 23.371 GC heap after
{Heap after GC invocations=21 (full 2):
 PSYoungGen      total 22528K, used 432K [0x00000000d5580000, 0x00000000d6e80000, 0x0000000100000000)
  eden space 22016K, 0% used [0x00000000d5580000,0x00000000d5580000,0x00000000d6b00000)
  from space 512K, 84% used [0x00000000d6c00000,0x00000000d6c6c010,0x00000000d6c80000)
  to   space 1024K, 0% used [0x00000000d6d80000,0x00000000d6d80000,0x00000000d6e80000)
 ParOldGen       total 68608K, used 30942K [0x0000000080000000, 0x0000000084300000, 0x00000000d5580000)
  object space 68608K, 45% used [0x0000000080000000,0x0000000081e37b20,0x0000000084300000)
 Metaspace       used 37306K, committed 38208K, reserved 1114112K
  class space    used 3800K, committed 4224K, reserved 1048576K
}
Event: 24.327 GC heap before
{Heap before GC invocations=22 (full 2):
 PSYoungGen      total 22528K, used 22448K [0x00000000d5580000, 0x00000000d6e80000, 0x0000000100000000)
  eden space 22016K, 100% used [0x00000000d5580000,0x00000000d6b00000,0x00000000d6b00000)
  from space 512K, 84% used [0x00000000d6c00000,0x00000000d6c6c010,0x00000000d6c80000)
  to   space 1024K, 0% used [0x00000000d6d80000,0x00000000d6d80000,0x00000000d6e80000)
 ParOldGen       total 68608K, used 30942K [0x0000000080000000, 0x0000000084300000, 0x00000000d5580000)
  object space 68608K, 45% used [0x0000000080000000,0x0000000081e37b20,0x0000000084300000)
 Metaspace       used 39579K, committed 40512K, reserved 1114112K
  class space    used 4068K, committed 4480K, reserved 1048576K
}
Event: 24.330 GC heap after
{Heap after GC invocations=22 (full 2):
 PSYoungGen      total 23040K, used 896K [0x00000000d5580000, 0x00000000d6e80000, 0x0000000100000000)
  eden space 22016K, 0% used [0x00000000d5580000,0x00000000d5580000,0x00000000d6b00000)
  from space 1024K, 87% used [0x00000000d6d80000,0x00000000d6e60020,0x00000000d6e80000)
  to   space 1024K, 0% used [0x00000000d6c80000,0x00000000d6c80000,0x00000000d6d80000)
 ParOldGen       total 68608K, used 31254K [0x0000000080000000, 0x0000000084300000, 0x00000000d5580000)
  object space 68608K, 45% used [0x0000000080000000,0x0000000081e85b30,0x0000000084300000)
 Metaspace       used 39579K, committed 40512K, reserved 1114112K
  class space    used 4068K, committed 4480K, reserved 1048576K
}

